ERROR:flask.app:Exception on /search/la [GET]
Traceback (most recent call last):
  File "/home/bambidz/.virtualenvs/flask/lib/python3.6/site-packages/flask/app.py", line 1993, in make_response
    rv = self.response_class.force_type(rv, request.environ)
  File "/home/bambidz/.virtualenvs/flask/lib/python3.6/site-packages/werkzeug/wrappers/base_response.py", line 269, in force_type
    response = BaseResponse(*_run_wsgi_app(response, environ))
  File "/home/bambidz/.virtualenvs/flask/lib/python3.6/site-packages/werkzeug/wrappers/base_response.py", line 26, in _run_wsgi_app
    return _run_wsgi_app(*args)
  File "/home/bambidz/.virtualenvs/flask/lib/python3.6/site-packages/werkzeug/test.py", line 1119, in run_wsgi_app
    app_rv = app(environ, start_response)
TypeError: 'list' object is not callable

During handling of the above exception, another exception occurred:

Traceback (most recent call last):
  File "/home/bambidz/.virtualenvs/flask/lib/python3.6/site-packages/flask/app.py", line 2311, in wsgi_app
    response = self.full_dispatch_request()
  File "/home/bambidz/.virtualenvs/flask/lib/python3.6/site-packages/flask/app.py", line 1835, in full_dispatch_request
    return self.finalize_request(rv)
  File "/home/bambidz/.virtualenvs/flask/lib/python3.6/site-packages/flask/app.py", line 1850, in finalize_request
    response = self.make_response(rv)
  File "/home/bambidz/.virtualenvs/flask/lib/python3.6/site-packages/flask/app.py", line 2001, in make_response
    reraise(TypeError, new_error, sys.exc_info()[2])
  File "/home/bambidz/.virtualenvs/flask/lib/python3.6/site-packages/flask/_compat.py", line 35, in reraise
    raise value.with_traceback(tb)
  File "/home/bambidz/.virtualenvs/flask/lib/python3.6/site-packages/flask/app.py", line 1993, in make_response
    rv = self.response_class.force_type(rv, request.environ)
  File "/home/bambidz/.virtualenvs/flask/lib/python3.6/site-packages/werkzeug/wrappers/base_response.py", line 269, in force_type
    response = BaseResponse(*_run_wsgi_app(response, environ))
  File "/home/bambidz/.virtualenvs/flask/lib/python3.6/site-packages/werkzeug/wrappers/base_response.py", line 26, in _run_wsgi_app
    return _run_wsgi_app(*args)
  File "/home/bambidz/.virtualenvs/flask/lib/python3.6/site-packages/werkzeug/test.py", line 1119, in run_wsgi_app
    app_rv = app(environ, start_response)
TypeError: 'list' object is not callable
The view function did not return a valid response. The return type must be a string, tuple, Response instance, or WSGI callable, but it was a list.
ERROR:flask.app:Exception on /search/la [GET]
Traceback (most recent call last):
  File "/home/bambidz/.virtualenvs/flask/lib/python3.6/site-packages/flask/app.py", line 1993, in make_response
    rv = self.response_class.force_type(rv, request.environ)
  File "/home/bambidz/.virtualenvs/flask/lib/python3.6/site-packages/werkzeug/wrappers/base_response.py", line 269, in force_type
    response = BaseResponse(*_run_wsgi_app(response, environ))
  File "/home/bambidz/.virtualenvs/flask/lib/python3.6/site-packages/werkzeug/wrappers/base_response.py", line 26, in _run_wsgi_app
    return _run_wsgi_app(*args)
  File "/home/bambidz/.virtualenvs/flask/lib/python3.6/site-packages/werkzeug/test.py", line 1119, in run_wsgi_app
    app_rv = app(environ, start_response)
TypeError: 'list' object is not callable

During handling of the above exception, another exception occurred:

Traceback (most recent call last):
  File "/home/bambidz/.virtualenvs/flask/lib/python3.6/site-packages/flask/app.py", line 2311, in wsgi_app
    response = self.full_dispatch_request()
  File "/home/bambidz/.virtualenvs/flask/lib/python3.6/site-packages/flask/app.py", line 1835, in full_dispatch_request
    return self.finalize_request(rv)
  File "/home/bambidz/.virtualenvs/flask/lib/python3.6/site-packages/flask/app.py", line 1850, in finalize_request
    response = self.make_response(rv)
  File "/home/bambidz/.virtualenvs/flask/lib/python3.6/site-packages/flask/app.py", line 2001, in make_response
    reraise(TypeError, new_error, sys.exc_info()[2])
  File "/home/bambidz/.virtualenvs/flask/lib/python3.6/site-packages/flask/_compat.py", line 35, in reraise
    raise value.with_traceback(tb)
  File "/home/bambidz/.virtualenvs/flask/lib/python3.6/site-packages/flask/app.py", line 1993, in make_response
    rv = self.response_class.force_type(rv, request.environ)
  File "/home/bambidz/.virtualenvs/flask/lib/python3.6/site-packages/werkzeug/wrappers/base_response.py", line 269, in force_type
    response = BaseResponse(*_run_wsgi_app(response, environ))
  File "/home/bambidz/.virtualenvs/flask/lib/python3.6/site-packages/werkzeug/wrappers/base_response.py", line 26, in _run_wsgi_app
    return _run_wsgi_app(*args)
  File "/home/bambidz/.virtualenvs/flask/lib/python3.6/site-packages/werkzeug/test.py", line 1119, in run_wsgi_app
    app_rv = app(environ, start_response)
TypeError: 'list' object is not callable
The view function did not return a valid response. The return type must be a string, tuple, Response instance, or WSGI callable, but it was a list.
INFO:werkzeug: * Running on http://localhost:5000/ (Press CTRL+C to quit)
INFO:werkzeug: * Restarting with stat
WARNING:werkzeug: * Debugger is active!
INFO:werkzeug: * Debugger PIN: 243-468-136
INFO:werkzeug:127.0.0.1 - - [04/Jun/2020 02:44:33] "GET / HTTP/1.1" 200 -
INFO:werkzeug:127.0.0.1 - - [04/Jun/2020 02:44:33] "GET /static/css/main.css HTTP/1.1" 200 -
INFO:werkzeug:127.0.0.1 - - [04/Jun/2020 02:44:35] "POST / HTTP/1.1" 500 -
INFO:werkzeug:127.0.0.1 - - [04/Jun/2020 02:44:35] "GET /?__debugger__=yes&cmd=resource&f=style.css HTTP/1.1" 200 -
INFO:werkzeug:127.0.0.1 - - [04/Jun/2020 02:44:35] "GET /?__debugger__=yes&cmd=resource&f=jquery.js HTTP/1.1" 200 -
INFO:werkzeug:127.0.0.1 - - [04/Jun/2020 02:44:35] "GET /?__debugger__=yes&cmd=resource&f=debugger.js HTTP/1.1" 200 -
INFO:werkzeug:127.0.0.1 - - [04/Jun/2020 02:44:35] "GET /?__debugger__=yes&cmd=resource&f=console.png HTTP/1.1" 200 -
INFO:werkzeug:127.0.0.1 - - [04/Jun/2020 02:44:41] "POST / HTTP/1.1" 200 -
INFO:werkzeug:127.0.0.1 - - [04/Jun/2020 02:50:40] "GET / HTTP/1.1" 200 -
INFO:werkzeug:127.0.0.1 - - [04/Jun/2020 02:50:43] "POST / HTTP/1.1" 200 -
INFO:werkzeug:127.0.0.1 - - [04/Jun/2020 03:57:05] "GET / HTTP/1.1" 200 -
INFO:werkzeug:127.0.0.1 - - [04/Jun/2020 03:57:07] "POST / HTTP/1.1" 200 -
DEBUG:urllib3.connectionpool:Starting new HTTP connection (1): 127.0.0.1:5000
INFO:werkzeug:127.0.0.1 - - [04/Jun/2020 03:58:20] "POST /admin/index/a HTTP/1.1" 200 -
DEBUG:urllib3.connectionpool:http://127.0.0.1:5000 "POST /admin/index/a HTTP/1.1" 200 22
INFO:werkzeug:127.0.0.1 - - [04/Jun/2020 03:58:20] "POST / HTTP/1.1" 200 -
INFO:werkzeug:127.0.0.1 - - [04/Jun/2020 03:58:21] "POST / HTTP/1.1" 200 -
INFO:werkzeug:127.0.0.1 - - [04/Jun/2020 07:51:40] "POST / HTTP/1.1" 500 -
INFO:werkzeug:127.0.0.1 - - [04/Jun/2020 07:51:40] "GET /?__debugger__=yes&cmd=resource&f=style.css HTTP/1.1" 200 -
INFO:werkzeug:127.0.0.1 - - [04/Jun/2020 07:51:40] "GET /?__debugger__=yes&cmd=resource&f=jquery.js HTTP/1.1" 200 -
INFO:werkzeug:127.0.0.1 - - [04/Jun/2020 07:51:40] "GET /?__debugger__=yes&cmd=resource&f=debugger.js HTTP/1.1" 200 -
INFO:werkzeug:127.0.0.1 - - [04/Jun/2020 07:51:40] "GET /?__debugger__=yes&cmd=resource&f=console.png HTTP/1.1" 200 -
INFO:werkzeug: * Detected change in '/home/bambidz/dev/type-ahead-autocomplete/indexing/index_manager.py', reloading
INFO:werkzeug: * Restarting with stat
INFO:werkzeug:127.0.0.1 - - [04/Jun/2020 07:53:18] "GET / HTTP/1.1" 500 -
INFO:werkzeug:127.0.0.1 - - [04/Jun/2020 07:53:18] "GET /?__debugger__=yes&cmd=resource&f=style.css HTTP/1.1" 200 -
INFO:werkzeug:127.0.0.1 - - [04/Jun/2020 07:53:18] "GET /?__debugger__=yes&cmd=resource&f=jquery.js HTTP/1.1" 200 -
INFO:werkzeug:127.0.0.1 - - [04/Jun/2020 07:53:18] "GET /?__debugger__=yes&cmd=resource&f=debugger.js HTTP/1.1" 200 -
INFO:werkzeug:127.0.0.1 - - [04/Jun/2020 07:53:18] "GET /?__debugger__=yes&cmd=resource&f=console.png HTTP/1.1" 200 -
INFO:werkzeug: * Detected change in '/home/bambidz/dev/type-ahead-autocomplete/indexing/index_manager.py', reloading
INFO:werkzeug: * Restarting with stat
INFO:werkzeug: * Detected change in '/home/bambidz/dev/type-ahead-autocomplete/indexing/index_manager.py', reloading
INFO:werkzeug: * Restarting with stat
INFO:werkzeug:127.0.0.1 - - [04/Jun/2020 07:55:26] "GET / HTTP/1.1" 200 -
INFO:werkzeug: * Detected change in '/home/bambidz/dev/type-ahead-autocomplete/indexing/index_manager.py', reloading
INFO:werkzeug: * Restarting with stat
INFO:werkzeug: * Detected change in '/home/bambidz/dev/type-ahead-autocomplete/indexing/index_manager.py', reloading
INFO:werkzeug: * Restarting with stat
INFO:werkzeug: * Detected change in '/home/bambidz/dev/type-ahead-autocomplete/indexing/index_manager.py', reloading
INFO:werkzeug: * Restarting with stat
INFO:werkzeug:127.0.0.1 - - [04/Jun/2020 08:11:47] "GET / HTTP/1.1" 200 -
INFO:werkzeug:127.0.0.1 - - [04/Jun/2020 08:11:49] "POST / HTTP/1.1" 200 -
INFO:werkzeug: * Detected change in '/home/bambidz/dev/type-ahead-autocomplete/indexing/index_manager.py', reloading
INFO:werkzeug: * Restarting with stat
INFO:werkzeug:127.0.0.1 - - [04/Jun/2020 08:22:00] "GET / HTTP/1.1" 500 -
INFO:werkzeug:127.0.0.1 - - [04/Jun/2020 08:22:00] "GET /?__debugger__=yes&cmd=resource&f=jquery.js HTTP/1.1" 200 -
INFO:werkzeug:127.0.0.1 - - [04/Jun/2020 08:22:00] "GET /?__debugger__=yes&cmd=resource&f=style.css HTTP/1.1" 200 -
INFO:werkzeug:127.0.0.1 - - [04/Jun/2020 08:22:00] "GET /?__debugger__=yes&cmd=resource&f=debugger.js HTTP/1.1" 200 -
INFO:werkzeug:127.0.0.1 - - [04/Jun/2020 08:22:00] "GET /?__debugger__=yes&cmd=resource&f=console.png HTTP/1.1" 200 -
INFO:werkzeug: * Detected change in '/home/bambidz/dev/type-ahead-autocomplete/indexing/index_manager.py', reloading
INFO:werkzeug: * Restarting with stat
INFO:werkzeug:127.0.0.1 - - [04/Jun/2020 08:22:36] "GET / HTTP/1.1" 500 -
INFO:werkzeug:127.0.0.1 - - [04/Jun/2020 08:22:36] "GET /?__debugger__=yes&cmd=resource&f=style.css HTTP/1.1" 200 -
INFO:werkzeug:127.0.0.1 - - [04/Jun/2020 08:22:36] "GET /?__debugger__=yes&cmd=resource&f=debugger.js HTTP/1.1" 200 -
INFO:werkzeug:127.0.0.1 - - [04/Jun/2020 08:22:36] "GET /?__debugger__=yes&cmd=resource&f=jquery.js HTTP/1.1" 200 -
INFO:werkzeug:127.0.0.1 - - [04/Jun/2020 08:22:36] "GET /?__debugger__=yes&cmd=resource&f=console.png HTTP/1.1" 200 -
INFO:werkzeug: * Detected change in '/home/bambidz/dev/type-ahead-autocomplete/indexing/index_manager.py', reloading
INFO:werkzeug: * Restarting with stat
INFO:werkzeug:127.0.0.1 - - [04/Jun/2020 08:23:22] "GET / HTTP/1.1" 500 -
INFO:werkzeug:127.0.0.1 - - [04/Jun/2020 08:23:22] "GET /?__debugger__=yes&cmd=resource&f=style.css HTTP/1.1" 200 -
INFO:werkzeug:127.0.0.1 - - [04/Jun/2020 08:23:22] "GET /?__debugger__=yes&cmd=resource&f=jquery.js HTTP/1.1" 200 -
INFO:werkzeug:127.0.0.1 - - [04/Jun/2020 08:23:22] "GET /?__debugger__=yes&cmd=resource&f=debugger.js HTTP/1.1" 200 -
INFO:werkzeug:127.0.0.1 - - [04/Jun/2020 08:23:22] "GET /?__debugger__=yes&cmd=resource&f=console.png HTTP/1.1" 200 -
INFO:werkzeug:127.0.0.1 - - [04/Jun/2020 08:23:24] "GET / HTTP/1.1" 500 -
INFO:werkzeug:127.0.0.1 - - [04/Jun/2020 08:23:24] "GET /?__debugger__=yes&cmd=resource&f=style.css HTTP/1.1" 200 -
INFO:werkzeug:127.0.0.1 - - [04/Jun/2020 08:23:24] "GET /?__debugger__=yes&cmd=resource&f=debugger.js HTTP/1.1" 200 -
INFO:werkzeug:127.0.0.1 - - [04/Jun/2020 08:23:24] "GET /?__debugger__=yes&cmd=resource&f=jquery.js HTTP/1.1" 200 -
INFO:werkzeug:127.0.0.1 - - [04/Jun/2020 08:23:24] "GET /?__debugger__=yes&cmd=resource&f=console.png HTTP/1.1" 200 -
INFO:werkzeug: * Detected change in '/home/bambidz/dev/type-ahead-autocomplete/indexing/index_manager.py', reloading
INFO:werkzeug: * Restarting with stat
INFO:werkzeug: * Detected change in '/home/bambidz/dev/type-ahead-autocomplete/indexing/index_manager.py', reloading
INFO:werkzeug: * Restarting with stat
INFO:werkzeug: * Detected change in '/home/bambidz/dev/type-ahead-autocomplete/indexing/index_manager.py', reloading
INFO:werkzeug: * Restarting with stat
INFO:werkzeug:127.0.0.1 - - [04/Jun/2020 08:25:41] "GET / HTTP/1.1" 200 -
INFO:werkzeug:127.0.0.1 - - [04/Jun/2020 08:25:44] "POST / HTTP/1.1" 200 -
DEBUG:urllib3.connectionpool:Starting new HTTP connection (1): 127.0.0.1:5000
INFO:werkzeug:127.0.0.1 - - [04/Jun/2020 08:26:24] "POST /admin/index/a HTTP/1.1" 200 -
DEBUG:urllib3.connectionpool:http://127.0.0.1:5000 "POST /admin/index/a HTTP/1.1" 200 22
INFO:werkzeug:127.0.0.1 - - [04/Jun/2020 08:26:24] "POST / HTTP/1.1" 200 -
INFO:werkzeug:127.0.0.1 - - [04/Jun/2020 08:26:27] "POST / HTTP/1.1" 200 -
INFO:werkzeug:127.0.0.1 - - [04/Jun/2020 08:26:32] "GET /reload HTTP/1.1" 404 -
INFO:werkzeug:127.0.0.1 - - [04/Jun/2020 08:26:53] "GET /admin/index/reload HTTP/1.1" 405 -
INFO:werkzeug: * Detected change in '/home/bambidz/dev/type-ahead-autocomplete/typeahead/app.py', reloading
INFO:werkzeug: * Restarting with stat
INFO:werkzeug:127.0.0.1 - - [04/Jun/2020 08:27:10] "GET /admin/index/reload HTTP/1.1" 500 -
INFO:werkzeug:127.0.0.1 - - [04/Jun/2020 08:27:10] "GET /admin/index/reload?__debugger__=yes&cmd=resource&f=style.css HTTP/1.1" 200 -
INFO:werkzeug:127.0.0.1 - - [04/Jun/2020 08:27:10] "GET /admin/index/reload?__debugger__=yes&cmd=resource&f=jquery.js HTTP/1.1" 200 -
INFO:werkzeug:127.0.0.1 - - [04/Jun/2020 08:27:10] "GET /admin/index/reload?__debugger__=yes&cmd=resource&f=debugger.js HTTP/1.1" 200 -
INFO:werkzeug:127.0.0.1 - - [04/Jun/2020 08:27:10] "GET /admin/index/reload?__debugger__=yes&cmd=resource&f=console.png HTTP/1.1" 200 -
INFO:werkzeug:127.0.0.1 - - [04/Jun/2020 08:29:29] "GET /admin/index/reload HTTP/1.1" 500 -
INFO:werkzeug:127.0.0.1 - - [04/Jun/2020 08:29:29] "GET /admin/index/reload?__debugger__=yes&cmd=resource&f=style.css HTTP/1.1" 200 -
INFO:werkzeug:127.0.0.1 - - [04/Jun/2020 08:29:29] "GET /admin/index/reload?__debugger__=yes&cmd=resource&f=jquery.js HTTP/1.1" 200 -
INFO:werkzeug:127.0.0.1 - - [04/Jun/2020 08:29:29] "GET /admin/index/reload?__debugger__=yes&cmd=resource&f=debugger.js HTTP/1.1" 200 -
INFO:werkzeug:127.0.0.1 - - [04/Jun/2020 08:29:29] "GET /admin/index/reload?__debugger__=yes&cmd=resource&f=console.png HTTP/1.1" 200 -
INFO:werkzeug:127.0.0.1 - - [04/Jun/2020 08:29:32] "GET /admin/index/reload HTTP/1.1" 500 -
INFO:werkzeug:127.0.0.1 - - [04/Jun/2020 08:29:32] "GET /admin/index/reload?__debugger__=yes&cmd=resource&f=style.css HTTP/1.1" 200 -
INFO:werkzeug:127.0.0.1 - - [04/Jun/2020 08:29:32] "GET /admin/index/reload?__debugger__=yes&cmd=resource&f=debugger.js HTTP/1.1" 200 -
INFO:werkzeug:127.0.0.1 - - [04/Jun/2020 08:29:32] "GET /admin/index/reload?__debugger__=yes&cmd=resource&f=jquery.js HTTP/1.1" 200 -
INFO:werkzeug:127.0.0.1 - - [04/Jun/2020 08:29:32] "GET /admin/index/reload?__debugger__=yes&cmd=resource&f=console.png HTTP/1.1" 200 -
INFO:werkzeug: * Detected change in '/home/bambidz/dev/type-ahead-autocomplete/indexing/index_manager.py', reloading
INFO:werkzeug: * Restarting with stat
INFO:werkzeug:127.0.0.1 - - [04/Jun/2020 08:30:05] "GET /admin/index/reload HTTP/1.1" 500 -
INFO:werkzeug:127.0.0.1 - - [04/Jun/2020 08:30:05] "GET /admin/index/reload?__debugger__=yes&cmd=resource&f=style.css HTTP/1.1" 200 -
INFO:werkzeug:127.0.0.1 - - [04/Jun/2020 08:30:05] "GET /admin/index/reload?__debugger__=yes&cmd=resource&f=jquery.js HTTP/1.1" 200 -
INFO:werkzeug:127.0.0.1 - - [04/Jun/2020 08:30:05] "GET /admin/index/reload?__debugger__=yes&cmd=resource&f=debugger.js HTTP/1.1" 200 -
INFO:werkzeug:127.0.0.1 - - [04/Jun/2020 08:30:05] "GET /admin/index/reload?__debugger__=yes&cmd=resource&f=console.png HTTP/1.1" 200 -
INFO:werkzeug: * Detected change in '/home/bambidz/dev/type-ahead-autocomplete/indexing/index_manager.py', reloading
INFO:werkzeug: * Restarting with stat
INFO:werkzeug: * Detected change in '/home/bambidz/dev/type-ahead-autocomplete/indexing/index_manager.py', reloading
INFO:werkzeug: * Restarting with stat
INFO:werkzeug:127.0.0.1 - - [04/Jun/2020 08:30:59] "GET /admin/index/reload HTTP/1.1" 200 -
INFO:werkzeug:127.0.0.1 - - [04/Jun/2020 08:31:05] "GET / HTTP/1.1" 200 -
INFO:werkzeug:127.0.0.1 - - [04/Jun/2020 08:31:07] "POST / HTTP/1.1" 200 -
INFO:werkzeug: * Detected change in '/home/bambidz/dev/type-ahead-autocomplete/indexing/index_manager.py', reloading
INFO:werkzeug: * Restarting with stat
INFO:werkzeug: * Detected change in '/home/bambidz/dev/type-ahead-autocomplete/indexing/index_manager.py', reloading
INFO:werkzeug: * Restarting with stat
INFO:werkzeug:127.0.0.1 - - [04/Jun/2020 09:30:12] "POST / HTTP/1.1" 200 -
DEBUG:urllib3.connectionpool:Starting new HTTP connection (1): 127.0.0.1:5000
INFO:werkzeug:127.0.0.1 - - [04/Jun/2020 09:30:49] "DELETE /admin/index/a HTTP/1.1" 200 -
DEBUG:urllib3.connectionpool:http://127.0.0.1:5000 "DELETE /admin/index/a HTTP/1.1" 200 22
INFO:werkzeug:127.0.0.1 - - [04/Jun/2020 09:30:49] "POST / HTTP/1.1" 200 -
INFO:werkzeug:127.0.0.1 - - [04/Jun/2020 09:30:51] "POST / HTTP/1.1" 200 -
INFO:werkzeug:127.0.0.1 - - [04/Jun/2020 09:37:05] "GET / HTTP/1.1" 500 -
INFO:werkzeug:127.0.0.1 - - [04/Jun/2020 09:37:05] "GET /?__debugger__=yes&cmd=resource&f=style.css HTTP/1.1" 200 -
INFO:werkzeug:127.0.0.1 - - [04/Jun/2020 09:37:05] "GET /?__debugger__=yes&cmd=resource&f=jquery.js HTTP/1.1" 200 -
INFO:werkzeug:127.0.0.1 - - [04/Jun/2020 09:37:05] "GET /?__debugger__=yes&cmd=resource&f=debugger.js HTTP/1.1" 200 -
INFO:werkzeug:127.0.0.1 - - [04/Jun/2020 09:37:05] "GET /?__debugger__=yes&cmd=resource&f=console.png HTTP/1.1" 200 -
INFO:werkzeug: * Detected change in '/home/bambidz/dev/type-ahead-autocomplete/indexing/index_manager.py', reloading
INFO:werkzeug: * Restarting with stat
INFO:werkzeug:127.0.0.1 - - [04/Jun/2020 09:38:14] "GET / HTTP/1.1" 200 -
INFO:werkzeug:127.0.0.1 - - [04/Jun/2020 09:38:15] "POST / HTTP/1.1" 200 -
INFO:werkzeug: * Detected change in '/home/bambidz/dev/type-ahead-autocomplete/indexing/index_manager.py', reloading
INFO:werkzeug: * Restarting with stat
INFO:werkzeug: * Detected change in '/home/bambidz/dev/type-ahead-autocomplete/indexing/index_manager.py', reloading
INFO:werkzeug: * Restarting with stat
DEBUG:urllib3.connectionpool:Starting new HTTP connection (1): 127.0.0.1:5000
INFO:werkzeug:127.0.0.1 - - [04/Jun/2020 09:41:03] "POST /admin/index/a HTTP/1.1" 200 -
DEBUG:urllib3.connectionpool:http://127.0.0.1:5000 "POST /admin/index/a HTTP/1.1" 200 22
INFO:werkzeug:127.0.0.1 - - [04/Jun/2020 09:41:03] "POST / HTTP/1.1" 200 -
DEBUG:urllib3.connectionpool:Starting new HTTP connection (1): 127.0.0.1:5000
INFO:werkzeug:127.0.0.1 - - [04/Jun/2020 09:41:28] "POST /admin/index/a HTTP/1.1" 200 -
DEBUG:urllib3.connectionpool:http://127.0.0.1:5000 "POST /admin/index/a HTTP/1.1" 200 22
INFO:werkzeug:127.0.0.1 - - [04/Jun/2020 09:41:28] "POST / HTTP/1.1" 200 -
INFO:werkzeug:127.0.0.1 - - [04/Jun/2020 09:42:00] "GET / HTTP/1.1" 500 -
INFO:werkzeug:127.0.0.1 - - [04/Jun/2020 09:42:00] "GET /?__debugger__=yes&cmd=resource&f=style.css HTTP/1.1" 200 -
INFO:werkzeug:127.0.0.1 - - [04/Jun/2020 09:42:00] "GET /?__debugger__=yes&cmd=resource&f=jquery.js HTTP/1.1" 200 -
INFO:werkzeug:127.0.0.1 - - [04/Jun/2020 09:42:00] "GET /?__debugger__=yes&cmd=resource&f=debugger.js HTTP/1.1" 200 -
INFO:werkzeug:127.0.0.1 - - [04/Jun/2020 09:42:00] "GET /?__debugger__=yes&cmd=resource&f=console.png HTTP/1.1" 200 -
INFO:werkzeug: * Detected change in '/home/bambidz/dev/type-ahead-autocomplete/indexing/index_manager.py', reloading
INFO:werkzeug: * Restarting with stat
INFO:werkzeug:127.0.0.1 - - [04/Jun/2020 09:44:57] "GET / HTTP/1.1" 200 -
INFO:werkzeug:127.0.0.1 - - [04/Jun/2020 09:44:57] "GET /static/css/main.css HTTP/1.1" 200 -
INFO:werkzeug:127.0.0.1 - - [04/Jun/2020 09:45:05] "POST / HTTP/1.1" 200 -
INFO:werkzeug: * Detected change in '/home/bambidz/dev/type-ahead-autocomplete/indexing/index_manager.py', reloading
INFO:werkzeug: * Restarting with stat
INFO:werkzeug: * Detected change in '/home/bambidz/dev/type-ahead-autocomplete/indexing/index_manager.py', reloading
INFO:werkzeug: * Restarting with stat
INFO:werkzeug:127.0.0.1 - - [04/Jun/2020 09:49:14] "GET / HTTP/1.1" 200 -
INFO:werkzeug:127.0.0.1 - - [04/Jun/2020 09:49:15] "POST / HTTP/1.1" 200 -
INFO:werkzeug:127.0.0.1 - - [04/Jun/2020 10:03:40] "GET / HTTP/1.1" 200 -
INFO:werkzeug: * Detected change in '/home/bambidz/dev/type-ahead-autocomplete/typeahead/__init__.py', reloading
INFO:werkzeug: * Restarting with stat
INFO:werkzeug: * Detected change in '/home/bambidz/dev/type-ahead-autocomplete/typeahead/__init__.py', reloading
INFO:werkzeug: * Restarting with stat
INFO:werkzeug: * Running on http://127.0.0.1:5000/ (Press CTRL+C to quit)
INFO:werkzeug: * Running on http://127.0.0.1:5000/ (Press CTRL+C to quit)
INFO:werkzeug:127.0.0.1 - - [04/Jun/2020 11:58:52] "POST / HTTP/1.1" 500 -
ERROR:werkzeug:Error on request:
Traceback (most recent call last):
  File "/home/bambidz/.local/lib/python3.6/site-packages/werkzeug/serving.py", line 303, in run_wsgi
    execute(self.server.app)
  File "/home/bambidz/.local/lib/python3.6/site-packages/werkzeug/serving.py", line 291, in execute
    application_iter = app(environ, start_response)
  File "/home/bambidz/.local/lib/python3.6/site-packages/flask/app.py", line 2328, in __call__
    return self.wsgi_app(environ, start_response)
  File "/home/bambidz/.local/lib/python3.6/site-packages/flask/app.py", line 2314, in wsgi_app
    response = self.handle_exception(e)
  File "/home/bambidz/.local/lib/python3.6/site-packages/flask/app.py", line 1760, in handle_exception
    reraise(exc_type, exc_value, tb)
  File "/home/bambidz/.local/lib/python3.6/site-packages/flask/_compat.py", line 36, in reraise
    raise value
  File "/home/bambidz/.local/lib/python3.6/site-packages/flask/app.py", line 2311, in wsgi_app
    response = self.full_dispatch_request()
  File "/home/bambidz/.local/lib/python3.6/site-packages/flask/app.py", line 1834, in full_dispatch_request
    rv = self.handle_user_exception(e)
  File "/home/bambidz/.local/lib/python3.6/site-packages/flask/app.py", line 1737, in handle_user_exception
    reraise(exc_type, exc_value, tb)
  File "/home/bambidz/.local/lib/python3.6/site-packages/flask/_compat.py", line 36, in reraise
    raise value
  File "/home/bambidz/.local/lib/python3.6/site-packages/flask/app.py", line 1832, in full_dispatch_request
    rv = self.dispatch_request()
  File "/home/bambidz/.local/lib/python3.6/site-packages/flask/app.py", line 1818, in dispatch_request
    return self.view_functions[rule.endpoint](**req.view_args)
  File "/home/bambidz/dev/type-ahead-autocomplete/typeahead/app.py", line 26, in index
    word_list = prefixIndex.index[request.form['content']]
KeyError: 'r'
INFO:werkzeug:127.0.0.1 - - [04/Jun/2020 11:59:03] "GET / HTTP/1.1" 200 -
INFO:werkzeug:127.0.0.1 - - [04/Jun/2020 11:59:05] "POST / HTTP/1.1" 500 -
ERROR:werkzeug:Error on request:
Traceback (most recent call last):
  File "/home/bambidz/.local/lib/python3.6/site-packages/werkzeug/serving.py", line 303, in run_wsgi
    execute(self.server.app)
  File "/home/bambidz/.local/lib/python3.6/site-packages/werkzeug/serving.py", line 291, in execute
    application_iter = app(environ, start_response)
  File "/home/bambidz/.local/lib/python3.6/site-packages/flask/app.py", line 2328, in __call__
    return self.wsgi_app(environ, start_response)
  File "/home/bambidz/.local/lib/python3.6/site-packages/flask/app.py", line 2314, in wsgi_app
    response = self.handle_exception(e)
  File "/home/bambidz/.local/lib/python3.6/site-packages/flask/app.py", line 1760, in handle_exception
    reraise(exc_type, exc_value, tb)
  File "/home/bambidz/.local/lib/python3.6/site-packages/flask/_compat.py", line 36, in reraise
    raise value
  File "/home/bambidz/.local/lib/python3.6/site-packages/flask/app.py", line 2311, in wsgi_app
    response = self.full_dispatch_request()
  File "/home/bambidz/.local/lib/python3.6/site-packages/flask/app.py", line 1834, in full_dispatch_request
    rv = self.handle_user_exception(e)
  File "/home/bambidz/.local/lib/python3.6/site-packages/flask/app.py", line 1737, in handle_user_exception
    reraise(exc_type, exc_value, tb)
  File "/home/bambidz/.local/lib/python3.6/site-packages/flask/_compat.py", line 36, in reraise
    raise value
  File "/home/bambidz/.local/lib/python3.6/site-packages/flask/app.py", line 1832, in full_dispatch_request
    rv = self.dispatch_request()
  File "/home/bambidz/.local/lib/python3.6/site-packages/flask/app.py", line 1818, in dispatch_request
    return self.view_functions[rule.endpoint](**req.view_args)
  File "/home/bambidz/dev/type-ahead-autocomplete/typeahead/app.py", line 26, in index
    word_list = prefixIndex.index[request.form['content']]
KeyError: 'r'
INFO:werkzeug:127.0.0.1 - - [04/Jun/2020 12:00:38] "GET / HTTP/1.1" 200 -
INFO:werkzeug: * Running on http://127.0.0.1:5000/ (Press CTRL+C to quit)
INFO:werkzeug:127.0.0.1 - - [04/Jun/2020 12:13:45] "GET / HTTP/1.1" 200 -
INFO:werkzeug:127.0.0.1 - - [04/Jun/2020 12:13:47] "POST / HTTP/1.1" 500 -
ERROR:werkzeug:Error on request:
Traceback (most recent call last):
  File "/home/bambidz/.virtualenvs/flask/lib/python3.6/site-packages/werkzeug/serving.py", line 303, in run_wsgi
    execute(self.server.app)
  File "/home/bambidz/.virtualenvs/flask/lib/python3.6/site-packages/werkzeug/serving.py", line 291, in execute
    application_iter = app(environ, start_response)
  File "/home/bambidz/.virtualenvs/flask/lib/python3.6/site-packages/flask/app.py", line 2328, in __call__
    return self.wsgi_app(environ, start_response)
  File "/home/bambidz/.virtualenvs/flask/lib/python3.6/site-packages/flask/app.py", line 2314, in wsgi_app
    response = self.handle_exception(e)
  File "/home/bambidz/.virtualenvs/flask/lib/python3.6/site-packages/flask/app.py", line 1760, in handle_exception
    reraise(exc_type, exc_value, tb)
  File "/home/bambidz/.virtualenvs/flask/lib/python3.6/site-packages/flask/_compat.py", line 36, in reraise
    raise value
  File "/home/bambidz/.virtualenvs/flask/lib/python3.6/site-packages/flask/app.py", line 2311, in wsgi_app
    response = self.full_dispatch_request()
  File "/home/bambidz/.virtualenvs/flask/lib/python3.6/site-packages/flask/app.py", line 1834, in full_dispatch_request
    rv = self.handle_user_exception(e)
  File "/home/bambidz/.virtualenvs/flask/lib/python3.6/site-packages/flask/app.py", line 1737, in handle_user_exception
    reraise(exc_type, exc_value, tb)
  File "/home/bambidz/.virtualenvs/flask/lib/python3.6/site-packages/flask/_compat.py", line 36, in reraise
    raise value
  File "/home/bambidz/.virtualenvs/flask/lib/python3.6/site-packages/flask/app.py", line 1832, in full_dispatch_request
    rv = self.dispatch_request()
  File "/home/bambidz/.virtualenvs/flask/lib/python3.6/site-packages/flask/app.py", line 1818, in dispatch_request
    return self.view_functions[rule.endpoint](**req.view_args)
  File "/home/bambidz/dev/type-ahead-autocomplete/typeahead/app.py", line 26, in index
    word_list = prefixIndex.index[request.form['content']]
KeyError: 'r'
INFO:werkzeug: * Running on http://127.0.0.1:5000/ (Press CTRL+C to quit)
INFO:werkzeug: * Running on http://127.0.0.1:5000/ (Press CTRL+C to quit)
INFO:werkzeug:127.0.0.1 - - [04/Jun/2020 12:15:37] "GET / HTTP/1.1" 200 -
INFO:werkzeug:127.0.0.1 - - [04/Jun/2020 12:15:50] "GET / HTTP/1.1" 200 -
INFO:werkzeug:127.0.0.1 - - [04/Jun/2020 12:15:51] "GET / HTTP/1.1" 200 -
INFO:werkzeug:127.0.0.1 - - [04/Jun/2020 12:15:53] "POST / HTTP/1.1" 200 -
INFO:werkzeug:127.0.0.1 - - [04/Jun/2020 12:21:30] "GET / HTTP/1.1" 200 -
INFO:werkzeug:127.0.0.1 - - [04/Jun/2020 12:21:32] "POST / HTTP/1.1" 500 -
INFO:werkzeug:127.0.0.1 - - [04/Jun/2020 12:21:32] "GET /?__debugger__=yes&cmd=resource&f=style.css HTTP/1.1" 200 -
INFO:werkzeug:127.0.0.1 - - [04/Jun/2020 12:21:32] "GET /?__debugger__=yes&cmd=resource&f=jquery.js HTTP/1.1" 200 -
INFO:werkzeug:127.0.0.1 - - [04/Jun/2020 12:21:32] "GET /?__debugger__=yes&cmd=resource&f=debugger.js HTTP/1.1" 200 -
INFO:werkzeug:127.0.0.1 - - [04/Jun/2020 12:21:32] "GET /?__debugger__=yes&cmd=resource&f=console.png HTTP/1.1" 200 -
INFO:werkzeug: * Detected change in '/home/bambidz/dev/type-ahead-autocomplete/typeahead/app.py', reloading
INFO:werkzeug: * Restarting with stat
INFO:werkzeug: * Detected change in '/home/bambidz/dev/type-ahead-autocomplete/typeahead/app.py', reloading
INFO:werkzeug: * Restarting with stat
INFO:werkzeug:127.0.0.1 - - [04/Jun/2020 12:22:46] "GET / HTTP/1.1" 200 -
INFO:werkzeug:127.0.0.1 - - [04/Jun/2020 12:22:49] "POST / HTTP/1.1" 500 -
INFO:werkzeug:127.0.0.1 - - [04/Jun/2020 12:22:49] "GET /?__debugger__=yes&cmd=resource&f=style.css HTTP/1.1" 200 -
INFO:werkzeug:127.0.0.1 - - [04/Jun/2020 12:22:49] "GET /?__debugger__=yes&cmd=resource&f=debugger.js HTTP/1.1" 200 -
INFO:werkzeug:127.0.0.1 - - [04/Jun/2020 12:22:49] "GET /?__debugger__=yes&cmd=resource&f=jquery.js HTTP/1.1" 200 -
INFO:werkzeug:127.0.0.1 - - [04/Jun/2020 12:22:49] "GET /?__debugger__=yes&cmd=resource&f=console.png HTTP/1.1" 200 -
INFO:werkzeug: * Detected change in '/home/bambidz/dev/type-ahead-autocomplete/typeahead/app.py', reloading
INFO:werkzeug: * Restarting with stat
INFO:werkzeug: * Detected change in '/home/bambidz/dev/type-ahead-autocomplete/typeahead/app.py', reloading
INFO:werkzeug: * Restarting with stat
INFO:werkzeug:127.0.0.1 - - [04/Jun/2020 12:24:46] "GET / HTTP/1.1" 200 -
INFO:werkzeug:127.0.0.1 - - [04/Jun/2020 12:24:48] "POST / HTTP/1.1" 200 -
INFO:werkzeug:127.0.0.1 - - [04/Jun/2020 12:24:49] "POST / HTTP/1.1" 200 -
INFO:werkzeug: * Detected change in '/home/bambidz/dev/type-ahead-autocomplete/typeahead/app.py', reloading
INFO:werkzeug: * Restarting with stat
INFO:werkzeug: * Running on http://127.0.0.1:5000/ (Press CTRL+C to quit)
INFO:werkzeug:127.0.0.1 - - [06/Jun/2020 08:24:08] "GET / HTTP/1.1" 200 -
INFO:werkzeug:127.0.0.1 - - [06/Jun/2020 08:24:09] "GET /static/css/main.css HTTP/1.1" 200 -
INFO:werkzeug:127.0.0.1 - - [06/Jun/2020 08:24:10] "POST / HTTP/1.1" 200 -
INFO:werkzeug:127.0.0.1 - - [06/Jun/2020 08:24:10] "GET /static/css/main.css HTTP/1.1" 304 -
INFO:werkzeug:127.0.0.1 - - [06/Jun/2020 08:24:12] "POST / HTTP/1.1" 200 -
INFO:werkzeug:127.0.0.1 - - [06/Jun/2020 08:24:18] "POST / HTTP/1.1" 200 -
INFO:werkzeug: * Running on http://127.0.0.1:5000/ (Press CTRL+C to quit)
INFO:werkzeug: * Running on http://127.0.0.1:5000/ (Press CTRL+C to quit)
INFO:werkzeug:127.0.0.1 - - [06/Jun/2020 08:42:26] "GET / HTTP/1.1" 200 -
INFO:werkzeug:127.0.0.1 - - [06/Jun/2020 08:42:33] "POST / HTTP/1.1" 200 -
INFO:werkzeug:127.0.0.1 - - [06/Jun/2020 08:42:35] "POST / HTTP/1.1" 200 -
INFO:werkzeug:127.0.0.1 - - [06/Jun/2020 08:42:37] "POST / HTTP/1.1" 200 -
INFO:werkzeug:127.0.0.1 - - [06/Jun/2020 08:42:46] "POST / HTTP/1.1" 200 -
INFO:werkzeug:127.0.0.1 - - [06/Jun/2020 08:42:50] "POST / HTTP/1.1" 200 -
INFO:werkzeug:127.0.0.1 - - [06/Jun/2020 08:44:09] "GET / HTTP/1.1" 200 -
INFO:werkzeug:127.0.0.1 - - [06/Jun/2020 08:44:13] "POST / HTTP/1.1" 200 -
INFO:werkzeug: * Debugger PIN: 241-006-981
INFO:werkzeug:127.0.0.1 - - [06/Jun/2020 08:44:56] "POST / HTTP/1.1" 200 -
INFO:werkzeug:127.0.0.1 - - [06/Jun/2020 08:45:01] "POST / HTTP/1.1" 200 -
INFO:werkzeug:127.0.0.1 - - [06/Jun/2020 10:55:51] "GET / HTTP/1.1" 200 -
INFO:werkzeug:127.0.0.1 - - [06/Jun/2020 10:55:54] "POST / HTTP/1.1" 200 -
INFO:werkzeug:127.0.0.1 - - [06/Jun/2020 10:56:02] "POST / HTTP/1.1" 200 -
DEBUG:urllib3.connectionpool:Starting new HTTP connection (1): 127.0.0.1
INFO:werkzeug:127.0.0.1 - - [06/Jun/2020 10:58:28] "DELETE /admin/index/ㅁㅏ HTTP/1.1" 200 -
DEBUG:urllib3.connectionpool:http://127.0.0.1:5000 "DELETE /admin/index/%E3%85%81%E3%85%8F HTTP/1.1" 200 22
INFO:werkzeug:127.0.0.1 - - [06/Jun/2020 10:58:28] "POST / HTTP/1.1" 200 -
INFO:werkzeug:127.0.0.1 - - [06/Jun/2020 10:58:33] "POST / HTTP/1.1" 200 -
INFO:werkzeug:127.0.0.1 - - [06/Jun/2020 11:00:11] "GET /admin/index/reload HTTP/1.1" 200 -
INFO:werkzeug:127.0.0.1 - - [06/Jun/2020 11:00:16] "GET / HTTP/1.1" 200 -
INFO:werkzeug:127.0.0.1 - - [06/Jun/2020 11:00:20] "POST / HTTP/1.1" 200 -
DEBUG:urllib3.connectionpool:Starting new HTTP connection (1): 127.0.0.1
INFO:werkzeug:127.0.0.1 - - [06/Jun/2020 11:01:28] "POST /admin/index/ㅁㅏ HTTP/1.1" 200 -
DEBUG:urllib3.connectionpool:http://127.0.0.1:5000 "POST /admin/index/%E3%85%81%E3%85%8F HTTP/1.1" 200 22
INFO:werkzeug:127.0.0.1 - - [06/Jun/2020 11:01:28] "POST / HTTP/1.1" 200 -
INFO:werkzeug:127.0.0.1 - - [06/Jun/2020 11:01:33] "POST / HTTP/1.1" 200 -
INFO:werkzeug:127.0.0.1 - - [06/Jun/2020 11:02:43] "GET /admin/index/reload HTTP/1.1" 200 -
INFO:werkzeug:127.0.0.1 - - [06/Jun/2020 11:02:47] "GET / HTTP/1.1" 200 -
INFO:werkzeug:127.0.0.1 - - [06/Jun/2020 11:02:50] "POST / HTTP/1.1" 200 -
INFO:werkzeug:127.0.0.1 - - [06/Jun/2020 11:04:34] "POST / HTTP/1.1" 200 -
INFO:werkzeug:127.0.0.1 - - [06/Jun/2020 11:04:36] "POST / HTTP/1.1" 200 -
INFO:werkzeug:127.0.0.1 - - [06/Jun/2020 11:04:38] "GET / HTTP/1.1" 200 -
INFO:werkzeug:127.0.0.1 - - [06/Jun/2020 11:04:53] "GET /admin/index/reload HTTP/1.1" 200 -
INFO:werkzeug:127.0.0.1 - - [06/Jun/2020 11:05:00] "GET / HTTP/1.1" 200 -
INFO:werkzeug:127.0.0.1 - - [06/Jun/2020 11:05:02] "POST / HTTP/1.1" 200 -
DEBUG:urllib3.connectionpool:Starting new HTTP connection (1): 127.0.0.1
INFO:werkzeug:127.0.0.1 - - [06/Jun/2020 11:05:09] "DELETE /admin/index/a HTTP/1.1" 500 -
DEBUG:urllib3.connectionpool:http://127.0.0.1:5000 "DELETE /admin/index/a HTTP/1.1" 500 None
INFO:werkzeug:127.0.0.1 - - [06/Jun/2020 11:05:09] "POST / HTTP/1.1" 200 -
INFO:werkzeug:127.0.0.1 - - [06/Jun/2020 11:05:11] "POST / HTTP/1.1" 200 -
INFO:werkzeug: * Detected change in '/home/bambidz/dev/type-ahead-autocomplete/typeahead/app.py', reloading
INFO:werkzeug: * Restarting with stat
INFO:werkzeug: * Detected change in '/home/bambidz/dev/type-ahead-autocomplete/typeahead/app.py', reloading
INFO:werkzeug: * Restarting with stat
INFO:werkzeug: * Detected change in '/home/bambidz/dev/type-ahead-autocomplete/indexing/index_manager.py', reloading
INFO:werkzeug: * Restarting with stat
INFO:werkzeug: * Detected change in '/home/bambidz/dev/type-ahead-autocomplete/indexing/index_manager.py', reloading
INFO:werkzeug: * Restarting with stat
INFO:werkzeug: * Detected change in '/home/bambidz/dev/type-ahead-autocomplete/indexing/index_manager.py', reloading
INFO:werkzeug: * Restarting with stat
INFO:werkzeug: * Detected change in '/home/bambidz/dev/type-ahead-autocomplete/indexing/index_manager.py', reloading
INFO:werkzeug: * Restarting with stat
DEBUG:urllib3.connectionpool:Starting new HTTP connection (1): 127.0.0.1
INFO:werkzeug:127.0.0.1 - - [06/Jun/2020 11:09:31] "POST /admin/index/a HTTP/1.1" 500 -
DEBUG:urllib3.connectionpool:http://127.0.0.1:5000 "POST /admin/index/a HTTP/1.1" 500 None
INFO:werkzeug:127.0.0.1 - - [06/Jun/2020 11:09:31] "POST / HTTP/1.1" 200 -
INFO:werkzeug:127.0.0.1 - - [06/Jun/2020 11:09:33] "POST / HTTP/1.1" 200 -
INFO:werkzeug: * Detected change in '/home/bambidz/dev/type-ahead-autocomplete/indexing/index_manager.py', reloading
INFO:werkzeug: * Restarting with stat
INFO:werkzeug: * Detected change in '/home/bambidz/dev/type-ahead-autocomplete/indexing/index_manager.py', reloading
INFO:werkzeug: * Restarting with stat
INFO:werkzeug:127.0.0.1 - - [06/Jun/2020 11:10:22] "POST / HTTP/1.1" 200 -
INFO:werkzeug:127.0.0.1 - - [06/Jun/2020 11:10:31] "GET /admin/index/reload HTTP/1.1" 200 -
INFO:werkzeug:127.0.0.1 - - [06/Jun/2020 11:10:35] "GET / HTTP/1.1" 200 -
INFO:werkzeug:127.0.0.1 - - [06/Jun/2020 11:10:37] "POST / HTTP/1.1" 200 -
INFO:werkzeug: * Detected change in '/home/bambidz/dev/type-ahead-autocomplete/indexing/index_manager.py', reloading
INFO:werkzeug: * Restarting with stat
DEBUG:urllib3.connectionpool:Starting new HTTP connection (1): 127.0.0.1
INFO:werkzeug:127.0.0.1 - - [06/Jun/2020 11:11:31] "POST /admin/index/a HTTP/1.1" 200 -
DEBUG:urllib3.connectionpool:http://127.0.0.1:5000 "POST /admin/index/a HTTP/1.1" 200 22
INFO:werkzeug:127.0.0.1 - - [06/Jun/2020 11:11:31] "POST / HTTP/1.1" 200 -
INFO:werkzeug:127.0.0.1 - - [06/Jun/2020 11:11:33] "POST / HTTP/1.1" 200 -
DEBUG:urllib3.connectionpool:Starting new HTTP connection (1): 127.0.0.1
INFO:werkzeug:127.0.0.1 - - [06/Jun/2020 11:12:44] "DELETE /admin/index/a HTTP/1.1" 200 -
DEBUG:urllib3.connectionpool:http://127.0.0.1:5000 "DELETE /admin/index/a HTTP/1.1" 200 22
INFO:werkzeug:127.0.0.1 - - [06/Jun/2020 11:12:44] "POST / HTTP/1.1" 200 -
INFO:werkzeug:127.0.0.1 - - [06/Jun/2020 11:12:46] "POST / HTTP/1.1" 200 -
DEBUG:urllib3.connectionpool:Starting new HTTP connection (1): 127.0.0.1
INFO:werkzeug:127.0.0.1 - - [06/Jun/2020 11:14:39] "POST /admin/index/a HTTP/1.1" 200 -
DEBUG:urllib3.connectionpool:http://127.0.0.1:5000 "POST /admin/index/a HTTP/1.1" 200 22
INFO:werkzeug:127.0.0.1 - - [06/Jun/2020 11:14:39] "POST / HTTP/1.1" 200 -
INFO:werkzeug:127.0.0.1 - - [06/Jun/2020 11:14:41] "POST / HTTP/1.1" 200 -
INFO:werkzeug:127.0.0.1 - - [06/Jun/2020 11:25:43] "GET /admin/index/reload HTTP/1.1" 200 -
INFO:werkzeug:127.0.0.1 - - [06/Jun/2020 11:25:52] "POST / HTTP/1.1" 200 -
INFO:werkzeug:127.0.0.1 - - [06/Jun/2020 11:26:03] "POST / HTTP/1.1" 200 -
INFO:werkzeug:127.0.0.1 - - [06/Jun/2020 11:26:22] "POST / HTTP/1.1" 200 -
INFO:werkzeug:127.0.0.1 - - [06/Jun/2020 11:26:33] "POST / HTTP/1.1" 200 -
INFO:werkzeug:127.0.0.1 - - [06/Jun/2020 11:26:45] "POST / HTTP/1.1" 200 -
INFO:werkzeug:127.0.0.1 - - [06/Jun/2020 11:27:07] "POST / HTTP/1.1" 200 -
INFO:werkzeug:127.0.0.1 - - [06/Jun/2020 11:27:20] "POST / HTTP/1.1" 200 -
